>>>>>>>>>>>>>>>>>>>>>>>>>>>>>>>>>>>>>>>>>>>>>>>>>>>>>>>>>>>>>>>>>>>>>>>>>>>>>>
>>>> Toolkit for HEP Event Generation - ThePEG 2.2.3 <<<<<<<<<<<<<<<<<<<<<<<<<
>>>> Fri Jul 25 11:40:13 2025                                             <<<<
<<<<<<<<<<<<<<<<<<<<<<<<<<<<<<<<<<<<<<<<<<<<<<<<<<<<<<<<<<<<<<<<<<<<<<<<<<<<<<

>> Herwig 7.2.3 / ThePEG 2.2.3

==============================================================================
Statistics for event handler 'EventHandler':
                                       generated    number of    Cross-section
                                          events     attempts             (nb)
==============================================================================
Total (from attempted events): including vetoed events             1.4(1)e+00
==============================================================================
Total (from generated events):              100          100       1.4(1)e+00
Events carry varying weights, most of which are unit weights.
==============================================================================
Per matrix element breakdown:
ME[d,dbar->e+,e-]                             20           20      0.27(6)e+00
ME[dbar,d->e+,e-]                             18           18      0.25(6)e+00
ME[ubar,u->e+,e-]                             23           23      0.31(7)e+00
ME[u,ubar->e+,e-]                             24           24      0.33(7)e+00
ME[c,cbar->e+,e-]                              1            1       10(10)e-03
ME[cbar,c->e+,e-]                              3            3       40(20)e-03
ME[sbar,s->e+,e-]                              3            3       40(20)e-03
ME[s,sbar->e+,e-]                              6            6       80(30)e-03
ME[b,bbar->e+,e-]                              1            1       10(10)e-03
ME[bbar,b->e+,e-]                              1            1       10(10)e-03
==============================================================================
